have_struct_member: checking for rb_method_entry_t.body in method.h... -------------------- no

"gcc -o conftest -I/Users/Mengsk/.rvm/rubies/ruby-1.9.2-rc2/include/ruby-1.9.1/x86_64-darwin10.4.0 -I/Users/Mengsk/.rvm/rubies/ruby-1.9.2-rc2/include/ruby-1.9.1/ruby/backward -I/Users/Mengsk/.rvm/rubies/ruby-1.9.2-rc2/include/ruby-1.9.1 -I. -D_XOPEN_SOURCE -D_DARWIN_C_SOURCE    -O3 -ggdb -Wextra -Wno-unused-parameter -Wno-parentheses -Wpointer-arith -Wwrite-strings -Wno-missing-field-initializers -Wshorten-64-to-32 -Wno-long-long  -fno-common -pipe conftest.c  -L. -L/Users/Mengsk/.rvm/rubies/ruby-1.9.2-rc2/lib -L. -L/usr/local/lib     -lruby.1.9.1-static  -lpthread -ldl -lobjc "
/Users/Mengsk/.rvm/rubies/ruby-1.9.2-rc2/lib/ruby/1.9.1/mkmf.rb:305: warning: Insecure world writable dir /usr/local/bin in PATH, mode 040777
checked program was:
/* begin */
1: #include "ruby.h"
2: 
3: int main() {return 0;}
/* end */

"gcc -I/Users/Mengsk/.rvm/rubies/ruby-1.9.2-rc2/include/ruby-1.9.1/x86_64-darwin10.4.0 -I/Users/Mengsk/.rvm/rubies/ruby-1.9.2-rc2/include/ruby-1.9.1/ruby/backward -I/Users/Mengsk/.rvm/rubies/ruby-1.9.2-rc2/include/ruby-1.9.1 -I. -D_XOPEN_SOURCE -D_DARWIN_C_SOURCE    -O3 -ggdb -Wextra -Wno-unused-parameter -Wno-parentheses -Wpointer-arith -Wwrite-strings -Wno-missing-field-initializers -Wshorten-64-to-32 -Wno-long-long  -fno-common -pipe   -c conftest.c"
conftest.c:3:20: error: method.h: No such file or directory
conftest.c:7: error: 'rb_method_entry_t' undeclared here (not in a function)
conftest.c:7: error: expected expression before ')' token
checked program was:
/* begin */
1: #include "ruby.h"
2: 
3: #include <method.h>
4: 
5: /*top*/
6: int main() {return 0;}
7: int s = (char *)&((rb_method_entry_t*)0)->body - (char *)0;
/* end */

--------------------

have_header: checking for vm_core.h... -------------------- no

"gcc -E -I/Users/Mengsk/.rvm/rubies/ruby-1.9.2-rc2/include/ruby-1.9.1/x86_64-darwin10.4.0 -I/Users/Mengsk/.rvm/rubies/ruby-1.9.2-rc2/include/ruby-1.9.1/ruby/backward -I/Users/Mengsk/.rvm/rubies/ruby-1.9.2-rc2/include/ruby-1.9.1 -I. -D_XOPEN_SOURCE -D_DARWIN_C_SOURCE    -O3 -ggdb -Wextra -Wno-unused-parameter -Wno-parentheses -Wpointer-arith -Wwrite-strings -Wno-missing-field-initializers -Wshorten-64-to-32 -Wno-long-long  -fno-common -pipe  conftest.c -o conftest.i"
conftest.c:3:21: error: vm_core.h: No such file or directory
checked program was:
/* begin */
1: #include "ruby.h"
2: 
3: #include <vm_core.h>
/* end */

--------------------

